<?xml version="1.0" encoding="UTF-8"?>
<!-- Generated by org.testng.reporters.JUnitReportReporter -->
<testsuite hostname="SPR-PC" name="com.TestCases.Flipkart.TestCases" tests="1" failures="0" timestamp="27 Jul 2020 11:56:00 GMT" time="42.909" errors="0">
  <testcase name="checkLoginUser" time="42.909" classname="com.TestCases.Flipkart.TestCases"/>
</testsuite> <!-- com.TestCases.Flipkart.TestCases -->
