<?xml version="1.0" encoding="UTF-8"?>
<!-- Generated by org.testng.reporters.JUnitReportReporter -->
<testsuite hostname="SPR-PC" name="com.TestCases.Flipkart.VerifiedLoginPage" tests="1" failures="0" timestamp="26 Jul 2020 10:45:10 GMT" time="32.041" errors="0">
  <testcase name="checkLoginUser" time="32.041" classname="com.TestCases.Flipkart.VerifiedLoginPage"/>
</testsuite> <!-- com.TestCases.Flipkart.VerifiedLoginPage -->
